Using pre-set license
Built from '2021.3/staging' branch; Version is '2021.3.33f1 (ee5a2aa03ab2) revision 15620650'; Using compiler version '192829333'; Build Type 'Release'
OS: 'Windows 11  (10.0.22631) 64bit Core' Language: 'en' Physical Memory: 15667 MB
BatchMode: 1, IsHumanControllingUs: 0, StartBugReporterOnCrash: 0, Is64bit: 1, IsPro: 1

COMMAND LINE ARGUMENTS:
C:\Program Files\Unity\Hub\Editor\2021.3.33f1\Editor\Unity.exe
-adb2
-batchMode
-noUpm
-name
AssetImportWorker0
-projectPath
C:/Users/quoch/OneDrive/Máy tính/CS382FinalProject
-logFile
Logs/AssetImportWorker0.log
-srvPort
51955
Successfully changed project path to: C:/Users/quoch/OneDrive/Máy tính/CS382FinalProject
C:/Users/quoch/OneDrive/Máy tính/CS382FinalProject
[UnityMemory] Configuration Parameters - Can be set up in boot.config
    "memorysetup-bucket-allocator-granularity=16"
    "memorysetup-bucket-allocator-bucket-count=8"
    "memorysetup-bucket-allocator-block-size=33554432"
    "memorysetup-bucket-allocator-block-count=8"
    "memorysetup-main-allocator-block-size=16777216"
    "memorysetup-thread-allocator-block-size=16777216"
    "memorysetup-gfx-main-allocator-block-size=16777216"
    "memorysetup-gfx-thread-allocator-block-size=16777216"
    "memorysetup-cache-allocator-block-size=4194304"
    "memorysetup-typetree-allocator-block-size=2097152"
    "memorysetup-profiler-bucket-allocator-granularity=16"
    "memorysetup-profiler-bucket-allocator-bucket-count=8"
    "memorysetup-profiler-bucket-allocator-block-size=33554432"
    "memorysetup-profiler-bucket-allocator-block-count=8"
    "memorysetup-profiler-allocator-block-size=16777216"
    "memorysetup-profiler-editor-allocator-block-size=1048576"
    "memorysetup-temp-allocator-size-main=16777216"
    "memorysetup-job-temp-allocator-block-size=2097152"
    "memorysetup-job-temp-allocator-block-size-background=1048576"
    "memorysetup-job-temp-allocator-reduction-small-platforms=262144"
    "memorysetup-temp-allocator-size-background-worker=32768"
    "memorysetup-temp-allocator-size-job-worker=262144"
    "memorysetup-temp-allocator-size-preload-manager=33554432"
    "memorysetup-temp-allocator-size-nav-mesh-worker=65536"
    "memorysetup-temp-allocator-size-audio-worker=65536"
    "memorysetup-temp-allocator-size-cloud-worker=32768"
    "memorysetup-temp-allocator-size-gi-baking-worker=262144"
    "memorysetup-temp-allocator-size-gfx=262144"
Player connection [16012] Host "[IP] 192.168.124.136 [Port] 0 [Flags] 2 [Guid] 720576056 [EditorId] 720576056 [Version] 1048832 [Id] WindowsEditor(7,DESKTOP-P3JVMVE) [Debug] 1 [PackageName] WindowsEditor [ProjectName] Editor" joined multi-casting on [225.0.0.222:54997]...

Player connection [16012] Host "[IP] 192.168.124.136 [Port] 0 [Flags] 2 [Guid] 720576056 [EditorId] 720576056 [Version] 1048832 [Id] WindowsEditor(7,DESKTOP-P3JVMVE) [Debug] 1 [PackageName] WindowsEditor [ProjectName] Editor" joined alternative multi-casting on [225.0.0.222:34997]...

[Physics::Module] Initialized MultithreadedJobDispatcher with {0} workers.
Refreshing native plugins compatible for Editor in 30.06 ms, found 2 plugins.
Preloading 0 native plugins for Editor in 0.00 ms.
Initialize engine version: 2021.3.33f1 (ee5a2aa03ab2)
[Subsystems] Discovering subsystems at path C:/Program Files/Unity/Hub/Editor/2021.3.33f1/Editor/Data/Resources/UnitySubsystems
[Subsystems] Discovering subsystems at path C:/Users/quoch/OneDrive/Máy tính/CS382FinalProject/Assets
GfxDevice: creating device client; threaded=0; jobified=0
Direct3D:
    Version:  Direct3D 11.0 [level 11.1]
    Renderer: NVIDIA GeForce RTX 2060 SUPER (ID=0x1f06)
    Vendor:   NVIDIA
    VRAM:     8019 MB
    Driver:   31.0.15.3699
Initialize mono
Mono path[0] = 'C:/Program Files/Unity/Hub/Editor/2021.3.33f1/Editor/Data/Managed'
Mono path[1] = 'C:/Program Files/Unity/Hub/Editor/2021.3.33f1/Editor/Data/MonoBleedingEdge/lib/mono/unityjit-win32'
Mono config path = 'C:/Program Files/Unity/Hub/Editor/2021.3.33f1/Editor/Data/MonoBleedingEdge/etc'
Using monoOptions --debugger-agent=transport=dt_socket,embedding=1,server=y,suspend=n,address=127.0.0.1:56588
Begin MonoManager ReloadAssembly
Registering precompiled unity dll's ...
Register platform support module: C:/Program Files/Unity/Hub/Editor/2021.3.33f1/Editor/Data/PlaybackEngines/WindowsStandaloneSupport/UnityEditor.WindowsStandalone.Extensions.dll
Registered in 0.007055 seconds.
Native extension for WindowsStandalone target not found
Refreshing native plugins compatible for Editor in 25.30 ms, found 2 plugins.
Preloading 0 native plugins for Editor in 0.00 ms.
Mono: successfully reloaded assembly
- Completed reload, in  0.931 seconds
Domain Reload Profiling:
	ReloadAssembly (931ms)
		BeginReloadAssembly (111ms)
			ExecutionOrderSort (0ms)
			DisableScriptedObjects (0ms)
			BackupInstance (0ms)
			ReleaseScriptingObjects (0ms)
			CreateAndSetChildDomain (1ms)
		EndReloadAssembly (584ms)
			LoadAssemblies (108ms)
			RebuildTransferFunctionScriptingTraits (0ms)
			SetupTypeCache (279ms)
			ReleaseScriptCaches (0ms)
			RebuildScriptCaches (26ms)
			SetupLoadedEditorAssemblies (234ms)
				LogAssemblyErrors (0ms)
				InitializePlatformSupportModulesInManaged (8ms)
				SetLoadedEditorAssemblies (0ms)
				RefreshPlugins (25ms)
				BeforeProcessingInitializeOnLoad (1ms)
				ProcessInitializeOnLoadAttributes (146ms)
				ProcessInitializeOnLoadMethodAttributes (53ms)
				AfterProcessingInitializeOnLoad (0ms)
				EditorAssembliesLoaded (0ms)
			ExecutionOrderSort2 (0ms)
			AwakeInstancesAfterBackupRestoration (0ms)
Platform modules already initialized, skipping
Registering precompiled user dll's ...
Registered in 0.003311 seconds.
Begin MonoManager ReloadAssembly
Native extension for WindowsStandalone target not found
Refreshing native plugins compatible for Editor in 27.94 ms, found 2 plugins.
Preloading 0 native plugins for Editor in 0.00 ms.
Mono: successfully reloaded assembly
- Completed reload, in  0.956 seconds
Domain Reload Profiling:
	ReloadAssembly (956ms)
		BeginReloadAssembly (117ms)
			ExecutionOrderSort (0ms)
			DisableScriptedObjects (5ms)
			BackupInstance (0ms)
			ReleaseScriptingObjects (0ms)
			CreateAndSetChildDomain (18ms)
		EndReloadAssembly (745ms)
			LoadAssemblies (81ms)
			RebuildTransferFunctionScriptingTraits (0ms)
			SetupTypeCache (173ms)
			ReleaseScriptCaches (0ms)
			RebuildScriptCaches (42ms)
			SetupLoadedEditorAssemblies (428ms)
				LogAssemblyErrors (0ms)
				InitializePlatformSupportModulesInManaged (4ms)
				SetLoadedEditorAssemblies (0ms)
				RefreshPlugins (28ms)
				BeforeProcessingInitializeOnLoad (53ms)
				ProcessInitializeOnLoadAttributes (316ms)
				ProcessInitializeOnLoadMethodAttributes (17ms)
				AfterProcessingInitializeOnLoad (10ms)
				EditorAssembliesLoaded (0ms)
			ExecutionOrderSort2 (0ms)
			AwakeInstancesAfterBackupRestoration (7ms)
Platform modules already initialized, skipping
========================================================================
Worker process is ready to serve import requests
Launched and connected shader compiler UnityShaderCompiler.exe after 0.08 seconds
Refreshing native plugins compatible for Editor in 0.50 ms, found 2 plugins.
Preloading 0 native plugins for Editor in 0.00 ms.
Unloading 1789 Unused Serialized files (Serialized files now loaded: 0)
Unloading 19 unused Assets / (38.2 KB). Loaded Objects now: 2258.
Memory consumption went from 81.4 MB to 81.4 MB.
Total: 2.604900 ms (FindLiveObjects: 0.144200 ms CreateObjectMapping: 0.046600 ms MarkObjects: 2.343600 ms  DeleteObjects: 0.069700 ms)

AssetImportParameters requested are different than current active one (requested -> active):
  custom:video-decoder-ogg-theora: a1e56fd34408186e4bbccfd4996cb3dc -> 
  custom:container-muxer-webm: aa71ff27fc2769a1b78a27578f13a17b -> 
  custom:container-demuxer-webm: 4f35f7cbe854078d1ac9338744f61a02 -> 
  custom:video-encoder-webm-vp8: eb34c28f22e8b96e1ab97ce403110664 -> 
  custom:video-codec-MediaFoundation-h265: 746d11721c4dcdbdad8f713fa42b33f4 -> 
  custom:CustomObjectIndexerAttribute: bc11b3a6c3213fcdd17b65e7da85e133 -> 
  custom:audio-encoder-webm-vorbis: bf7c407c2cedff20999df2af8eb42d56 -> 
  custom:framework-win-MediaFoundation: 216162199b28c13a410421893ffa2e32 -> 
  custom:SearchIndexIgnoredProperties: e643bd26f0fe6173181afceb89e7c659 -> 
  custom:container-demuxer-ogg: 62fdf1f143b41e24485cea50d1cbac27 -> 
  custom:video-decoder-webm-vp8: 9c59270c3fd7afecdb556c50c9e8de78 -> 
  custom:audio-decoder-ogg-vorbis: bf7c407c2cedff20999df2af8eb42d56 -> 
========================================================================
Received Import Request.
  Time since last request: 700.768176 seconds.
  path: Assets/Sprites
  artifactKey: Guid(fff6385b6b390bc4b8b82e350a0accef) Importer(815301076,1909f56bfc062723c751e8b465ee728b)
Number of updated assets reloaded before import = 0
Start importing Assets/Sprites using Guid(fff6385b6b390bc4b8b82e350a0accef) Importer(815301076,1909f56bfc062723c751e8b465ee728b)  -> (artifact id: '5e2074949a86de0c4e8a05de74adb9e3') in 0.011347 seconds 
Number of asset objects unloaded after import = 0
========================================================================
Received Import Request.
  Time since last request: 0.000020 seconds.
  path: Assets/Sprites/CastleTower_Icon.png
  artifactKey: Guid(74ba66f5279a21b4bbee7d9ba1e506f5) Importer(815301076,1909f56bfc062723c751e8b465ee728b)
Number of updated assets reloaded before import = 0
Start importing Assets/Sprites/CastleTower_Icon.png using Guid(74ba66f5279a21b4bbee7d9ba1e506f5) Importer(815301076,1909f56bfc062723c751e8b465ee728b)  -> (artifact id: '3f3977cf0dbcee4d91b3c6a63f4fe492') in 0.142312 seconds 
Number of asset objects unloaded after import = 3
========================================================================
Received Import Request.
  Time since last request: 1.155009 seconds.
  path: Assets/Scripts/Tower.cs
  artifactKey: Guid(3b2a969c14c6f104ba12a955ee031637) Importer(815301076,1909f56bfc062723c751e8b465ee728b)
Number of updated assets reloaded before import = 0
Start importing Assets/Scripts/Tower.cs using Guid(3b2a969c14c6f104ba12a955ee031637) Importer(815301076,1909f56bfc062723c751e8b465ee728b)  -> (artifact id: '4eb584fb802e09b43474e863dafc1f7b') in 0.013035 seconds 
Number of asset objects unloaded after import = 0
========================================================================
Received Import Request.
  Time since last request: 10.455264 seconds.
  path: Assets/Scripts/TowerButtonUI.cs
  artifactKey: Guid(4c230a26b08770549bae19e2a2ce3356) Importer(815301076,1909f56bfc062723c751e8b465ee728b)
Number of updated assets reloaded before import = 0
Start importing Assets/Scripts/TowerButtonUI.cs using Guid(4c230a26b08770549bae19e2a2ce3356) Importer(815301076,1909f56bfc062723c751e8b465ee728b)  -> (artifact id: '2eddf860d4905033b39e5409b676bb50') in 0.006707 seconds 
Number of asset objects unloaded after import = 0
========================================================================
Received Import Request.
  Time since last request: 6.732491 seconds.
  path: Assets/Scripts/TowerData.cs
  artifactKey: Guid(da570def7c02f5048b647e9c5fa05704) Importer(815301076,1909f56bfc062723c751e8b465ee728b)
Number of updated assets reloaded before import = 0
Start importing Assets/Scripts/TowerData.cs using Guid(da570def7c02f5048b647e9c5fa05704) Importer(815301076,1909f56bfc062723c751e8b465ee728b)  -> (artifact id: '5166220e8cb0837368ff7e37eaaf3ca9') in 0.006855 seconds 
Number of asset objects unloaded after import = 0
========================================================================
Received Import Request.
  Time since last request: 1.472714 seconds.
  path: Assets/Scripts/TowerPlacement.cs
  artifactKey: Guid(23d81e8ad37468d4792ec8e125f9fa0d) Importer(815301076,1909f56bfc062723c751e8b465ee728b)
Number of updated assets reloaded before import = 0
Start importing Assets/Scripts/TowerPlacement.cs using Guid(23d81e8ad37468d4792ec8e125f9fa0d) Importer(815301076,1909f56bfc062723c751e8b465ee728b)  -> (artifact id: '94da078eb16040387a54a1062b72b50b') in 0.007466 seconds 
Number of asset objects unloaded after import = 0
========================================================================
Received Import Request.
  Time since last request: 23.510112 seconds.
  path: Assets/Scripts/TowerTile.cs
  artifactKey: Guid(07928d15620ab934abf920a284552ac0) Importer(815301076,1909f56bfc062723c751e8b465ee728b)
Number of updated assets reloaded before import = 0
Start importing Assets/Scripts/TowerTile.cs using Guid(07928d15620ab934abf920a284552ac0) Importer(815301076,1909f56bfc062723c751e8b465ee728b)  -> (artifact id: '2868db46dd40ec4b57a6418e69c02227') in 0.007015 seconds 
Number of asset objects unloaded after import = 0
========================================================================
Received Import Request.
  Time since last request: 0.990675 seconds.
  path: Assets/Scripts/WaveData.cs
  artifactKey: Guid(3f3715627bca4be4abbd5a611a440f40) Importer(815301076,1909f56bfc062723c751e8b465ee728b)
Number of updated assets reloaded before import = 0
Start importing Assets/Scripts/WaveData.cs using Guid(3f3715627bca4be4abbd5a611a440f40) Importer(815301076,1909f56bfc062723c751e8b465ee728b)  -> (artifact id: '68810055a487823c743d008e991e4d7c') in 0.006958 seconds 
Number of asset objects unloaded after import = 0
========================================================================
Received Import Request.
  Time since last request: 1.018373 seconds.
  path: Assets/Scripts/WaveSpawner.cs
  artifactKey: Guid(ff87d9595b045d046aa94a4be807670c) Importer(815301076,1909f56bfc062723c751e8b465ee728b)
Number of updated assets reloaded before import = 0
Start importing Assets/Scripts/WaveSpawner.cs using Guid(ff87d9595b045d046aa94a4be807670c) Importer(815301076,1909f56bfc062723c751e8b465ee728b)  -> (artifact id: '6e7e06ccb200307138f996be4372f70e') in 0.006897 seconds 
Number of asset objects unloaded after import = 0
========================================================================
Received Import Request.
  Time since last request: 7.512744 seconds.
  path: Assets/Scripts/EndScreenUI.cs
  artifactKey: Guid(898fbacb7c0d4e14e85d4f36722f2d41) Importer(815301076,1909f56bfc062723c751e8b465ee728b)
Number of updated assets reloaded before import = 0
Start importing Assets/Scripts/EndScreenUI.cs using Guid(898fbacb7c0d4e14e85d4f36722f2d41) Importer(815301076,1909f56bfc062723c751e8b465ee728b)  -> (artifact id: 'e140b9293412b84b02d38e5a1d146a45') in 0.006849 seconds 
Number of asset objects unloaded after import = 0
========================================================================
Received Import Request.
  Time since last request: 8.998789 seconds.
  path: Assets/Scripts/EnemyPath.cs
  artifactKey: Guid(d63a55a3ec6c31e41b7b6111807b225c) Importer(815301076,1909f56bfc062723c751e8b465ee728b)
Number of updated assets reloaded before import = 0
Start importing Assets/Scripts/EnemyPath.cs using Guid(d63a55a3ec6c31e41b7b6111807b225c) Importer(815301076,1909f56bfc062723c751e8b465ee728b)  -> (artifact id: 'c9849e471dac482ae23b6e27af46d1da') in 0.007211 seconds 
Number of asset objects unloaded after import = 0
========================================================================
Received Import Request.
  Time since last request: 0.876791 seconds.
  path: Assets/Scripts/Explosion.cs
  artifactKey: Guid(e2a7ecc6a86cd454ebed631f27371468) Importer(815301076,1909f56bfc062723c751e8b465ee728b)
Number of updated assets reloaded before import = 0
Start importing Assets/Scripts/Explosion.cs using Guid(e2a7ecc6a86cd454ebed631f27371468) Importer(815301076,1909f56bfc062723c751e8b465ee728b)  -> (artifact id: '8c273adb5db1497e01eb209e35709628') in 0.006651 seconds 
Number of asset objects unloaded after import = 0
========================================================================
Received Import Request.
  Time since last request: 0.681573 seconds.
  path: Assets/Scripts/PauseMenu.cs
  artifactKey: Guid(ffa09a890718d0a4a85f77efdcd027da) Importer(815301076,1909f56bfc062723c751e8b465ee728b)
Number of updated assets reloaded before import = 0
Start importing Assets/Scripts/PauseMenu.cs using Guid(ffa09a890718d0a4a85f77efdcd027da) Importer(815301076,1909f56bfc062723c751e8b465ee728b)  -> (artifact id: '572fbbe2633718e1e6fdf0de59508854') in 0.006738 seconds 
Number of asset objects unloaded after import = 0
========================================================================
Received Import Request.
  Time since last request: 0.436927 seconds.
  path: Assets/Scripts/PreviewTower.cs
  artifactKey: Guid(9ff65aaec9b118246a64a2b2ad73cf18) Importer(815301076,1909f56bfc062723c751e8b465ee728b)
Number of updated assets reloaded before import = 0
Start importing Assets/Scripts/PreviewTower.cs using Guid(9ff65aaec9b118246a64a2b2ad73cf18) Importer(815301076,1909f56bfc062723c751e8b465ee728b)  -> (artifact id: 'c90a7db7a02692c643384f89ff46a875') in 0.007026 seconds 
Number of asset objects unloaded after import = 0
========================================================================
Received Import Request.
  Time since last request: 0.367769 seconds.
  path: Assets/Scripts/Projectile.cs
  artifactKey: Guid(7ef300c6869405941a78ae50f0eaee74) Importer(815301076,1909f56bfc062723c751e8b465ee728b)
Number of updated assets reloaded before import = 0
Start importing Assets/Scripts/Projectile.cs using Guid(7ef300c6869405941a78ae50f0eaee74) Importer(815301076,1909f56bfc062723c751e8b465ee728b)  -> (artifact id: '98bead72ac8b4e347a8ed7d439238fd7') in 0.006860 seconds 
Number of asset objects unloaded after import = 0
========================================================================
Received Import Request.
  Time since last request: 2.463846 seconds.
  path: Assets/Scripts/Enemy.cs
  artifactKey: Guid(a69715febf7673c469e86650c91dfe08) Importer(815301076,1909f56bfc062723c751e8b465ee728b)
Number of updated assets reloaded before import = 0
Start importing Assets/Scripts/Enemy.cs using Guid(a69715febf7673c469e86650c91dfe08) Importer(815301076,1909f56bfc062723c751e8b465ee728b)  -> (artifact id: 'a46a6115b3ef0b6aab3ca00ab5fa11d5') in 0.007286 seconds 
Number of asset objects unloaded after import = 0
========================================================================
Received Import Request.
  Time since last request: 0.570380 seconds.
  path: Assets/Scripts/EnemyHealthBar.cs
  artifactKey: Guid(a499fc826fb80be4dac9ffb4b366b307) Importer(815301076,1909f56bfc062723c751e8b465ee728b)
Number of updated assets reloaded before import = 0
Start importing Assets/Scripts/EnemyHealthBar.cs using Guid(a499fc826fb80be4dac9ffb4b366b307) Importer(815301076,1909f56bfc062723c751e8b465ee728b)  -> (artifact id: '1378f5fb950e02e6b8669f2932b7b3a0') in 0.006873 seconds 
Number of asset objects unloaded after import = 0
========================================================================
Received Import Request.
  Time since last request: 0.909765 seconds.
  path: Assets/Scripts/GameManager.cs
  artifactKey: Guid(5577afeca3f2884439f766a52b34c813) Importer(815301076,1909f56bfc062723c751e8b465ee728b)
Number of updated assets reloaded before import = 0
Start importing Assets/Scripts/GameManager.cs using Guid(5577afeca3f2884439f766a52b34c813) Importer(815301076,1909f56bfc062723c751e8b465ee728b)  -> (artifact id: '89a963dd7905a8dd93a8abc2147bccd4') in 0.006778 seconds 
Number of asset objects unloaded after import = 0
========================================================================
Received Import Request.
  Time since last request: 484.092829 seconds.
  path: Assets/Towers/CannonTower.asset
  artifactKey: Guid(0eae84715cb33934f9c10cfc8e16b382) Importer(815301076,1909f56bfc062723c751e8b465ee728b)
Number of updated assets reloaded before import = 0
Start importing Assets/Towers/CannonTower.asset using Guid(0eae84715cb33934f9c10cfc8e16b382) Importer(815301076,1909f56bfc062723c751e8b465ee728b)  -> (artifact id: '58a137163e934cd885dcb90c125df1a8') in 0.031659 seconds 
Number of asset objects unloaded after import = 45
========================================================================
Received Import Request.
  Time since last request: 241.121129 seconds.
  path: Assets/Towers/CastleTower.asset
  artifactKey: Guid(26e63fc1d2463314aa77921e3e8f9158) Importer(815301076,1909f56bfc062723c751e8b465ee728b)
Number of updated assets reloaded before import = 0
Start importing Assets/Towers/CastleTower.asset using Guid(26e63fc1d2463314aa77921e3e8f9158) Importer(815301076,1909f56bfc062723c751e8b465ee728b)  -> (artifact id: '5960a56a0e24471363b16e9f481fae9d') in 0.004359 seconds 
Number of asset objects unloaded after import = 22
========================================================================
Received Import Request.
  Time since last request: 0.001225 seconds.
  path: Assets/Towers/CannonTower.asset
  artifactKey: Guid(0eae84715cb33934f9c10cfc8e16b382) Importer(815301076,1909f56bfc062723c751e8b465ee728b)
Number of updated assets reloaded before import = 0
Start importing Assets/Towers/CannonTower.asset using Guid(0eae84715cb33934f9c10cfc8e16b382) Importer(815301076,1909f56bfc062723c751e8b465ee728b)  -> (artifact id: 'a70174f7516825f8b87d8ef56eb139e4') in 0.004033 seconds 
Number of asset objects unloaded after import = 45
========================================================================
Received Prepare
Registering precompiled user dll's ...
Registered in 0.003285 seconds.
Begin MonoManager ReloadAssembly
Native extension for WindowsStandalone target not found
Refreshing native plugins compatible for Editor in 0.41 ms, found 2 plugins.
Preloading 0 native plugins for Editor in 0.00 ms.
Mono: successfully reloaded assembly
- Completed reload, in  0.801 seconds
Domain Reload Profiling:
	ReloadAssembly (801ms)
		BeginReloadAssembly (153ms)
			ExecutionOrderSort (0ms)
			DisableScriptedObjects (5ms)
			BackupInstance (0ms)
			ReleaseScriptingObjects (0ms)
			CreateAndSetChildDomain (30ms)
		EndReloadAssembly (549ms)
			LoadAssemblies (100ms)
			RebuildTransferFunctionScriptingTraits (0ms)
			SetupTypeCache (133ms)
			ReleaseScriptCaches (1ms)
			RebuildScriptCaches (36ms)
			SetupLoadedEditorAssemblies (271ms)
				LogAssemblyErrors (0ms)
				InitializePlatformSupportModulesInManaged (5ms)
				SetLoadedEditorAssemblies (0ms)
				RefreshPlugins (0ms)
				BeforeProcessingInitializeOnLoad (39ms)
				ProcessInitializeOnLoadAttributes (202ms)
				ProcessInitializeOnLoadMethodAttributes (14ms)
				AfterProcessingInitializeOnLoad (10ms)
				EditorAssembliesLoaded (0ms)
			ExecutionOrderSort2 (0ms)
			AwakeInstancesAfterBackupRestoration (7ms)
Platform modules already initialized, skipping
Refreshing native plugins compatible for Editor in 0.45 ms, found 2 plugins.
Preloading 0 native plugins for Editor in 0.00 ms.
Unloading 1770 Unused Serialized files (Serialized files now loaded: 0)
Unloading 12 unused Assets / (21.9 KB). Loaded Objects now: 2270.
Memory consumption went from 83.7 MB to 83.6 MB.
Total: 3.133400 ms (FindLiveObjects: 0.167800 ms CreateObjectMapping: 0.110800 ms MarkObjects: 2.826500 ms  DeleteObjects: 0.027000 ms)

AssetImportParameters requested are different than current active one (requested -> active):
  custom:video-decoder-ogg-theora: a1e56fd34408186e4bbccfd4996cb3dc -> 
  custom:container-muxer-webm: aa71ff27fc2769a1b78a27578f13a17b -> 
  custom:container-demuxer-webm: 4f35f7cbe854078d1ac9338744f61a02 -> 
  custom:video-encoder-webm-vp8: eb34c28f22e8b96e1ab97ce403110664 -> 
  custom:video-codec-MediaFoundation-h265: 746d11721c4dcdbdad8f713fa42b33f4 -> 
  custom:CustomObjectIndexerAttribute: bc11b3a6c3213fcdd17b65e7da85e133 -> 
  custom:audio-encoder-webm-vorbis: bf7c407c2cedff20999df2af8eb42d56 -> 
  custom:framework-win-MediaFoundation: 216162199b28c13a410421893ffa2e32 -> 
  custom:SearchIndexIgnoredProperties: e643bd26f0fe6173181afceb89e7c659 -> 
  custom:container-demuxer-ogg: 62fdf1f143b41e24485cea50d1cbac27 -> 
  custom:video-decoder-webm-vp8: 9c59270c3fd7afecdb556c50c9e8de78 -> 
  custom:audio-decoder-ogg-vorbis: bf7c407c2cedff20999df2af8eb42d56 -> 
========================================================================
Received Prepare
Registering precompiled user dll's ...
Registered in 0.003302 seconds.
Begin MonoManager ReloadAssembly
Native extension for WindowsStandalone target not found
Refreshing native plugins compatible for Editor in 0.37 ms, found 2 plugins.
Preloading 0 native plugins for Editor in 0.00 ms.
Mono: successfully reloaded assembly
- Completed reload, in  0.700 seconds
Domain Reload Profiling:
	ReloadAssembly (701ms)
		BeginReloadAssembly (120ms)
			ExecutionOrderSort (0ms)
			DisableScriptedObjects (4ms)
			BackupInstance (0ms)
			ReleaseScriptingObjects (0ms)
			CreateAndSetChildDomain (25ms)
		EndReloadAssembly (505ms)
			LoadAssemblies (76ms)
			RebuildTransferFunctionScriptingTraits (0ms)
			SetupTypeCache (127ms)
			ReleaseScriptCaches (1ms)
			RebuildScriptCaches (27ms)
			SetupLoadedEditorAssemblies (264ms)
				LogAssemblyErrors (0ms)
				InitializePlatformSupportModulesInManaged (5ms)
				SetLoadedEditorAssemblies (0ms)
				RefreshPlugins (0ms)
				BeforeProcessingInitializeOnLoad (43ms)
				ProcessInitializeOnLoadAttributes (192ms)
				ProcessInitializeOnLoadMethodAttributes (14ms)
				AfterProcessingInitializeOnLoad (9ms)
				EditorAssembliesLoaded (0ms)
			ExecutionOrderSort2 (0ms)
			AwakeInstancesAfterBackupRestoration (6ms)
Platform modules already initialized, skipping
Refreshing native plugins compatible for Editor in 0.39 ms, found 2 plugins.
Preloading 0 native plugins for Editor in 0.00 ms.
Unloading 1770 Unused Serialized files (Serialized files now loaded: 0)
Unloading 12 unused Assets / (21.9 KB). Loaded Objects now: 2273.
Memory consumption went from 83.7 MB to 83.6 MB.
Total: 3.183500 ms (FindLiveObjects: 0.140100 ms CreateObjectMapping: 0.090300 ms MarkObjects: 2.931300 ms  DeleteObjects: 0.020700 ms)

AssetImportParameters requested are different than current active one (requested -> active):
  custom:video-decoder-ogg-theora: a1e56fd34408186e4bbccfd4996cb3dc -> 
  custom:container-muxer-webm: aa71ff27fc2769a1b78a27578f13a17b -> 
  custom:container-demuxer-webm: 4f35f7cbe854078d1ac9338744f61a02 -> 
  custom:video-encoder-webm-vp8: eb34c28f22e8b96e1ab97ce403110664 -> 
  custom:video-codec-MediaFoundation-h265: 746d11721c4dcdbdad8f713fa42b33f4 -> 
  custom:CustomObjectIndexerAttribute: bc11b3a6c3213fcdd17b65e7da85e133 -> 
  custom:audio-encoder-webm-vorbis: bf7c407c2cedff20999df2af8eb42d56 -> 
  custom:framework-win-MediaFoundation: 216162199b28c13a410421893ffa2e32 -> 
  custom:SearchIndexIgnoredProperties: e643bd26f0fe6173181afceb89e7c659 -> 
  custom:container-demuxer-ogg: 62fdf1f143b41e24485cea50d1cbac27 -> 
  custom:video-decoder-webm-vp8: 9c59270c3fd7afecdb556c50c9e8de78 -> 
  custom:audio-decoder-ogg-vorbis: bf7c407c2cedff20999df2af8eb42d56 -> 
========================================================================
Received Prepare
Registering precompiled user dll's ...
Registered in 0.002652 seconds.
Begin MonoManager ReloadAssembly
Native extension for WindowsStandalone target not found
Refreshing native plugins compatible for Editor in 0.35 ms, found 2 plugins.
Preloading 0 native plugins for Editor in 0.00 ms.
Mono: successfully reloaded assembly
- Completed reload, in  0.730 seconds
Domain Reload Profiling:
	ReloadAssembly (730ms)
		BeginReloadAssembly (126ms)
			ExecutionOrderSort (0ms)
			DisableScriptedObjects (5ms)
			BackupInstance (0ms)
			ReleaseScriptingObjects (0ms)
			CreateAndSetChildDomain (29ms)
		EndReloadAssembly (523ms)
			LoadAssemblies (76ms)
			RebuildTransferFunctionScriptingTraits (0ms)
			SetupTypeCache (138ms)
			ReleaseScriptCaches (1ms)
			RebuildScriptCaches (26ms)
			SetupLoadedEditorAssemblies (271ms)
				LogAssemblyErrors (0ms)
				InitializePlatformSupportModulesInManaged (5ms)
				SetLoadedEditorAssemblies (0ms)
				RefreshPlugins (0ms)
				BeforeProcessingInitializeOnLoad (40ms)
				ProcessInitializeOnLoadAttributes (201ms)
				ProcessInitializeOnLoadMethodAttributes (14ms)
				AfterProcessingInitializeOnLoad (9ms)
				EditorAssembliesLoaded (0ms)
			ExecutionOrderSort2 (0ms)
			AwakeInstancesAfterBackupRestoration (6ms)
Platform modules already initialized, skipping
Refreshing native plugins compatible for Editor in 0.36 ms, found 2 plugins.
Preloading 0 native plugins for Editor in 0.00 ms.
Unloading 1770 Unused Serialized files (Serialized files now loaded: 0)
Unloading 12 unused Assets / (21.9 KB). Loaded Objects now: 2276.
Memory consumption went from 83.7 MB to 83.6 MB.
Total: 2.759400 ms (FindLiveObjects: 0.132200 ms CreateObjectMapping: 0.057800 ms MarkObjects: 2.547800 ms  DeleteObjects: 0.020700 ms)

AssetImportParameters requested are different than current active one (requested -> active):
  custom:video-decoder-ogg-theora: a1e56fd34408186e4bbccfd4996cb3dc -> 
  custom:container-muxer-webm: aa71ff27fc2769a1b78a27578f13a17b -> 
  custom:container-demuxer-webm: 4f35f7cbe854078d1ac9338744f61a02 -> 
  custom:video-encoder-webm-vp8: eb34c28f22e8b96e1ab97ce403110664 -> 
  custom:video-codec-MediaFoundation-h265: 746d11721c4dcdbdad8f713fa42b33f4 -> 
  custom:CustomObjectIndexerAttribute: bc11b3a6c3213fcdd17b65e7da85e133 -> 
  custom:audio-encoder-webm-vorbis: bf7c407c2cedff20999df2af8eb42d56 -> 
  custom:framework-win-MediaFoundation: 216162199b28c13a410421893ffa2e32 -> 
  custom:SearchIndexIgnoredProperties: e643bd26f0fe6173181afceb89e7c659 -> 
  custom:container-demuxer-ogg: 62fdf1f143b41e24485cea50d1cbac27 -> 
  custom:video-decoder-webm-vp8: 9c59270c3fd7afecdb556c50c9e8de78 -> 
  custom:audio-decoder-ogg-vorbis: bf7c407c2cedff20999df2af8eb42d56 -> 
========================================================================
Received Import Request.
  Time since last request: 535.253052 seconds.
  path: Assets/Scenes/background.jpg
  artifactKey: Guid(1dec237fd2ca78f4db6c08a7f030cded) Importer(815301076,1909f56bfc062723c751e8b465ee728b)
Number of updated assets reloaded before import = 0
Start importing Assets/Scenes/background.jpg using Guid(1dec237fd2ca78f4db6c08a7f030cded) Importer(815301076,1909f56bfc062723c751e8b465ee728b)  -> (artifact id: 'b533cd6bc1f3c603cf65d8cd42bd315f') in 0.071063 seconds 
Number of asset objects unloaded after import = 2
========================================================================
Received Import Request.
  Time since last request: 1.110980 seconds.
  path: Assets/Scenes/Level2.unity
  artifactKey: Guid(66d524e20af565a438cc294091578c64) Importer(815301076,1909f56bfc062723c751e8b465ee728b)
Number of updated assets reloaded before import = 0
Start importing Assets/Scenes/Level2.unity using Guid(66d524e20af565a438cc294091578c64) Importer(815301076,1909f56bfc062723c751e8b465ee728b)  -> (artifact id: '38d38b931883987eecf4958aaba82eae') in 0.007753 seconds 
Number of asset objects unloaded after import = 0
========================================================================
Received Import Request.
  Time since last request: 15.705581 seconds.
  path: Assets/Waves/Wave1.asset
  artifactKey: Guid(db33f04f138afc442aa5803b023154ca) Importer(815301076,1909f56bfc062723c751e8b465ee728b)
Number of updated assets reloaded before import = 0
Start importing Assets/Waves/Wave1.asset using Guid(db33f04f138afc442aa5803b023154ca) Importer(815301076,1909f56bfc062723c751e8b465ee728b)  -> (artifact id: '6d3ef20d243d1c6399f25763b4967cd0') in 0.029669 seconds 
Number of asset objects unloaded after import = 23
========================================================================
Received Import Request.
  Time since last request: 13.706359 seconds.
  path: Assets/Prefabs/PreviewTower.prefab
  artifactKey: Guid(943ec18d9bccd1d4aab893327c59042c) Importer(815301076,1909f56bfc062723c751e8b465ee728b)
Number of updated assets reloaded before import = 0
Start importing Assets/Prefabs/PreviewTower.prefab using Guid(943ec18d9bccd1d4aab893327c59042c) Importer(815301076,1909f56bfc062723c751e8b465ee728b)  -> (artifact id: 'ae5d72b8e3893393c245daf448e3422b') in 0.110405 seconds 
Number of asset objects unloaded after import = 16
========================================================================
Received Import Request.
  Time since last request: 0.776411 seconds.
  path: Assets/Prefabs/Enemies
  artifactKey: Guid(e3952617be16b424c8d505a22d598562) Importer(815301076,1909f56bfc062723c751e8b465ee728b)
Number of updated assets reloaded before import = 0
Start importing Assets/Prefabs/Enemies using Guid(e3952617be16b424c8d505a22d598562) Importer(815301076,1909f56bfc062723c751e8b465ee728b)  -> (artifact id: '2af5ed16c4e8027fa76c4cb29203b886') in 0.007614 seconds 
Number of asset objects unloaded after import = 0
========================================================================
Received Import Request.
  Time since last request: 0.056707 seconds.
  path: Assets/Prefabs/Enemies/Enemy.prefab
  artifactKey: Guid(86eae5d2ff9a3434993aa2eb9b62a13a) Importer(815301076,1909f56bfc062723c751e8b465ee728b)
Number of updated assets reloaded before import = 0
Start importing Assets/Prefabs/Enemies/Enemy.prefab using Guid(86eae5d2ff9a3434993aa2eb9b62a13a) Importer(815301076,1909f56bfc062723c751e8b465ee728b)  -> (artifact id: '351f3f6977d0f75af2541bee509bbf14') in 0.074076 seconds 
Number of asset objects unloaded after import = 35
========================================================================
Received Import Request.
  Time since last request: 276.092098 seconds.
  path: Assets/Prefabs/Towers/CannonTower.prefab
  artifactKey: Guid(45ab0594b6065bf41910f3653b8e4078) Importer(815301076,1909f56bfc062723c751e8b465ee728b)
Number of updated assets reloaded before import = 0
Start importing Assets/Prefabs/Towers/CannonTower.prefab using Guid(45ab0594b6065bf41910f3653b8e4078) Importer(815301076,1909f56bfc062723c751e8b465ee728b)  -> (artifact id: 'd7081573e7e3144674ce11569e899bb5') in 0.013895 seconds 
Number of asset objects unloaded after import = 65
========================================================================
Received Import Request.
  Time since last request: 0.556451 seconds.
  path: Assets/Prefabs/Projectiles/CannonBall.prefab
  artifactKey: Guid(9ebc5d68fbb65674191f5909231a7f1e) Importer(815301076,1909f56bfc062723c751e8b465ee728b)
Number of updated assets reloaded before import = 0
Start importing Assets/Prefabs/Projectiles/CannonBall.prefab using Guid(9ebc5d68fbb65674191f5909231a7f1e) Importer(815301076,1909f56bfc062723c751e8b465ee728b)  -> (artifact id: '8eb95890cc9010610ef918b52598ad68') in 0.015087 seconds 
Number of asset objects unloaded after import = 22
========================================================================
Received Import Request.
  Time since last request: 47.779404 seconds.
  path: Assets/Waves
  artifactKey: Guid(02d237af1b69fc446a82c3f127d39eb6) Importer(815301076,1909f56bfc062723c751e8b465ee728b)
Number of updated assets reloaded before import = 0
Start importing Assets/Waves using Guid(02d237af1b69fc446a82c3f127d39eb6) Importer(815301076,1909f56bfc062723c751e8b465ee728b)  -> (artifact id: '958b339425f07e1f4dc70177170ec56c') in 0.008112 seconds 
Number of asset objects unloaded after import = 0
========================================================================
Received Import Request.
  Time since last request: 11.503955 seconds.
  path: Assets/Waves/Wave Data.asset
  artifactKey: Guid(b15fcc7c63d34ce45b21935b3b88bdf3) Importer(815301076,1909f56bfc062723c751e8b465ee728b)
Number of updated assets reloaded before import = 0
Start importing Assets/Waves/Wave Data.asset using Guid(b15fcc7c63d34ce45b21935b3b88bdf3) Importer(815301076,1909f56bfc062723c751e8b465ee728b)  -> (artifact id: '03c86adec6ba7897ce0e55745c6f61f3') in 0.007943 seconds 
Number of asset objects unloaded after import = 1
========================================================================
Received Import Request.
  Time since last request: 5.504023 seconds.
  path: Assets/Models/Towers/CannonTower.fbx
  artifactKey: Guid(ab22489ac85858f4c899c59cdfc68843) Importer(815301076,1909f56bfc062723c751e8b465ee728b)
Number of updated assets reloaded before import = 0
Start importing Assets/Models/Towers/CannonTower.fbx using Guid(ab22489ac85858f4c899c59cdfc68843) Importer(815301076,1909f56bfc062723c751e8b465ee728b)  -> (artifact id: '60512885e823252bdfd0d89dd8c998a7') in 0.114453 seconds 
Number of asset objects unloaded after import = 22
========================================================================
Received Import Request.
  Time since last request: 13.735426 seconds.
  path: Assets/Models/Enemies/enemy_ufoGreen.fbx
  artifactKey: Guid(d926503a5b453144e8afe187ac021015) Importer(815301076,1909f56bfc062723c751e8b465ee728b)
Number of updated assets reloaded before import = 0
Start importing Assets/Models/Enemies/enemy_ufoGreen.fbx using Guid(d926503a5b453144e8afe187ac021015) Importer(815301076,1909f56bfc062723c751e8b465ee728b)  -> (artifact id: '03d74ac3c2c69e97d5ef4c20a2bf1726') in 0.029940 seconds 
Number of asset objects unloaded after import = 10
========================================================================
Received Import Request.
  Time since last request: 0.213971 seconds.
  path: Assets/Models/Enemies/enemy_ufoRed.fbx
  artifactKey: Guid(8c01762b21d30d34e8f4477b9da314e1) Importer(815301076,1909f56bfc062723c751e8b465ee728b)
Number of updated assets reloaded before import = 0
Start importing Assets/Models/Enemies/enemy_ufoRed.fbx using Guid(8c01762b21d30d34e8f4477b9da314e1) Importer(815301076,1909f56bfc062723c751e8b465ee728b)  -> (artifact id: '5c415935bfc6c966ef0d12ea5c872e2b') in 0.029427 seconds 
Number of asset objects unloaded after import = 11
========================================================================
Received Import Request.
  Time since last request: 1.278703 seconds.
  path: Assets/Prefabs/UI/EnemyHealthBar.prefab
  artifactKey: Guid(d1c356c2a7cb69f4aaaceac7b74d7c98) Importer(815301076,1909f56bfc062723c751e8b465ee728b)
Number of updated assets reloaded before import = 0
Start importing Assets/Prefabs/UI/EnemyHealthBar.prefab using Guid(d1c356c2a7cb69f4aaaceac7b74d7c98) Importer(815301076,1909f56bfc062723c751e8b465ee728b)  -> (artifact id: '34669bf17c57446337bef0200709f6ad') in 0.008741 seconds 
Number of asset objects unloaded after import = 12
========================================================================
Received Import Request.
  Time since last request: 1.491522 seconds.
  path: Assets/Models/Tiles/tile.fbx
  artifactKey: Guid(27a55a61cc01cfa40932fc4cf270347f) Importer(815301076,1909f56bfc062723c751e8b465ee728b)
Number of updated assets reloaded before import = 0
Start importing Assets/Models/Tiles/tile.fbx using Guid(27a55a61cc01cfa40932fc4cf270347f) Importer(815301076,1909f56bfc062723c751e8b465ee728b)  -> (artifact id: '3d6f969a0a317d5ef02ebdfbf7bdb728') in 0.033180 seconds 
Number of asset objects unloaded after import = 9
========================================================================
Received Import Request.
  Time since last request: 39.685846 seconds.
  path: Assets/Models/Tiles/tile_cornerLarge.fbx
  artifactKey: Guid(dc8c78a846986444f84f19b7bb7dd927) Importer(815301076,1909f56bfc062723c751e8b465ee728b)
Number of updated assets reloaded before import = 0
Start importing Assets/Models/Tiles/tile_cornerLarge.fbx using Guid(dc8c78a846986444f84f19b7bb7dd927) Importer(815301076,1909f56bfc062723c751e8b465ee728b)  -> (artifact id: '3e95853fbec5ef0abe386a9b4726c9c6') in 0.035375 seconds 
Number of asset objects unloaded after import = 11
========================================================================
Received Import Request.
  Time since last request: 64.963978 seconds.
  path: Assets/Waves/Wave3.asset
  artifactKey: Guid(b15fcc7c63d34ce45b21935b3b88bdf3) Importer(815301076,1909f56bfc062723c751e8b465ee728b)
Number of updated assets reloaded before import = 0
Start importing Assets/Waves/Wave3.asset using Guid(b15fcc7c63d34ce45b21935b3b88bdf3) Importer(815301076,1909f56bfc062723c751e8b465ee728b)  -> (artifact id: '0d072d26c3d916fe1443a126e97d7a60') in 0.008792 seconds 
Number of asset objects unloaded after import = 28
========================================================================
Received Import Request.
  Time since last request: 146.968542 seconds.
  path: Assets/Scenes/SampleScene.unity
  artifactKey: Guid(9fc0d4010bbf28b4594072e72b8655ab) Importer(815301076,1909f56bfc062723c751e8b465ee728b)
Number of updated assets reloaded before import = 0
Start importing Assets/Scenes/SampleScene.unity using Guid(9fc0d4010bbf28b4594072e72b8655ab) Importer(815301076,1909f56bfc062723c751e8b465ee728b)  -> (artifact id: '50a7082ac41b286a5b8df8c2855814e2') in 0.008315 seconds 
Number of asset objects unloaded after import = 0
========================================================================
Received Import Request.
  Time since last request: 168.421710 seconds.
  path: Assets/Waves/Wave Data.asset
  artifactKey: Guid(1e134f4bdfc8ca1429435a7841c0c7d2) Importer(815301076,1909f56bfc062723c751e8b465ee728b)
Number of updated assets reloaded before import = 0
Start importing Assets/Waves/Wave Data.asset using Guid(1e134f4bdfc8ca1429435a7841c0c7d2) Importer(815301076,1909f56bfc062723c751e8b465ee728b)  -> (artifact id: '4f0b2a69f970be947747e5eb2c1ab2b7') in 0.002739 seconds 
Number of asset objects unloaded after import = 1
========================================================================
Received Import Request.
  Time since last request: 3.698657 seconds.
  path: Assets/Waves/Wave Data 1.asset
  artifactKey: Guid(2c0d45ac38b78804a93089e501e00caa) Importer(815301076,1909f56bfc062723c751e8b465ee728b)
Number of updated assets reloaded before import = 0
Start importing Assets/Waves/Wave Data 1.asset using Guid(2c0d45ac38b78804a93089e501e00caa) Importer(815301076,1909f56bfc062723c751e8b465ee728b)  -> (artifact id: 'd3fa1d1b47677da905464428a1ed6bba') in 0.007412 seconds 
Number of asset objects unloaded after import = 1
========================================================================
Received Import Request.
  Time since last request: 7.102697 seconds.
  path: Assets/Waves/Wave4.asset
  artifactKey: Guid(2c0d45ac38b78804a93089e501e00caa) Importer(815301076,1909f56bfc062723c751e8b465ee728b)
Number of updated assets reloaded before import = 0
Start importing Assets/Waves/Wave4.asset using Guid(2c0d45ac38b78804a93089e501e00caa) Importer(815301076,1909f56bfc062723c751e8b465ee728b)  -> (artifact id: 'caec0a2bf344cadf36259ce88fa66f1e') in 0.007778 seconds 
Number of asset objects unloaded after import = 1
========================================================================
Received Import Request.
  Time since last request: 4.854589 seconds.
  path: Assets/Waves/Wave5.asset
  artifactKey: Guid(1e134f4bdfc8ca1429435a7841c0c7d2) Importer(815301076,1909f56bfc062723c751e8b465ee728b)
Number of updated assets reloaded before import = 0
Start importing Assets/Waves/Wave5.asset using Guid(1e134f4bdfc8ca1429435a7841c0c7d2) Importer(815301076,1909f56bfc062723c751e8b465ee728b)  -> (artifact id: '26e398787fcef6761b8aa93a62ee245b') in 0.007379 seconds 
Number of asset objects unloaded after import = 1
========================================================================
Received Prepare
Registering precompiled user dll's ...
Registered in 0.003434 seconds.
Begin MonoManager ReloadAssembly
Native extension for WindowsStandalone target not found
Refreshing native plugins compatible for Editor in 0.34 ms, found 2 plugins.
Preloading 0 native plugins for Editor in 0.00 ms.
Mono: successfully reloaded assembly
- Completed reload, in  0.725 seconds
Domain Reload Profiling:
	ReloadAssembly (725ms)
		BeginReloadAssembly (121ms)
			ExecutionOrderSort (0ms)
			DisableScriptedObjects (3ms)
			BackupInstance (0ms)
			ReleaseScriptingObjects (0ms)
			CreateAndSetChildDomain (27ms)
		EndReloadAssembly (528ms)
			LoadAssemblies (77ms)
			RebuildTransferFunctionScriptingTraits (0ms)
			SetupTypeCache (141ms)
			ReleaseScriptCaches (1ms)
			RebuildScriptCaches (25ms)
			SetupLoadedEditorAssemblies (273ms)
				LogAssemblyErrors (0ms)
				InitializePlatformSupportModulesInManaged (5ms)
				SetLoadedEditorAssemblies (0ms)
				RefreshPlugins (0ms)
				BeforeProcessingInitializeOnLoad (40ms)
				ProcessInitializeOnLoadAttributes (204ms)
				ProcessInitializeOnLoadMethodAttributes (14ms)
				AfterProcessingInitializeOnLoad (9ms)
				EditorAssembliesLoaded (0ms)
			ExecutionOrderSort2 (0ms)
			AwakeInstancesAfterBackupRestoration (6ms)
Platform modules already initialized, skipping
Refreshing native plugins compatible for Editor in 0.37 ms, found 2 plugins.
Preloading 0 native plugins for Editor in 0.00 ms.
Unloading 1770 Unused Serialized files (Serialized files now loaded: 0)
Unloading 12 unused Assets / (22.0 KB). Loaded Objects now: 2321.
Memory consumption went from 84.2 MB to 84.1 MB.
Total: 2.553200 ms (FindLiveObjects: 0.137700 ms CreateObjectMapping: 0.055300 ms MarkObjects: 2.339800 ms  DeleteObjects: 0.019500 ms)

AssetImportParameters requested are different than current active one (requested -> active):
  custom:video-decoder-ogg-theora: a1e56fd34408186e4bbccfd4996cb3dc -> 
  custom:container-muxer-webm: aa71ff27fc2769a1b78a27578f13a17b -> 
  custom:container-demuxer-webm: 4f35f7cbe854078d1ac9338744f61a02 -> 
  custom:video-encoder-webm-vp8: eb34c28f22e8b96e1ab97ce403110664 -> 
  custom:video-codec-MediaFoundation-h265: 746d11721c4dcdbdad8f713fa42b33f4 -> 
  custom:CustomObjectIndexerAttribute: bc11b3a6c3213fcdd17b65e7da85e133 -> 
  custom:audio-encoder-webm-vorbis: bf7c407c2cedff20999df2af8eb42d56 -> 
  custom:framework-win-MediaFoundation: 216162199b28c13a410421893ffa2e32 -> 
  custom:SearchIndexIgnoredProperties: e643bd26f0fe6173181afceb89e7c659 -> 
  custom:container-demuxer-ogg: 62fdf1f143b41e24485cea50d1cbac27 -> 
  custom:video-decoder-webm-vp8: 9c59270c3fd7afecdb556c50c9e8de78 -> 
  custom:audio-decoder-ogg-vorbis: bf7c407c2cedff20999df2af8eb42d56 -> 
========================================================================
Received Import Request.
  Time since last request: 49.940226 seconds.
  path: Assets/Models/Tiles/tile_cornerSquare.fbx
  artifactKey: Guid(1a10cb540c410b24bace6111c403740f) Importer(815301076,1909f56bfc062723c751e8b465ee728b)
Number of updated assets reloaded before import = 0
Start importing Assets/Models/Tiles/tile_cornerSquare.fbx using Guid(1a10cb540c410b24bace6111c403740f) Importer(815301076,1909f56bfc062723c751e8b465ee728b)  -> (artifact id: 'b401cda7e3073b97d6a073635d5a79af') in 0.098729 seconds 
Number of asset objects unloaded after import = 10
========================================================================
Received Import Request.
  Time since last request: 138.235084 seconds.
  path: Assets/Materials/CannonBall.mat
  artifactKey: Guid(63359b3f675a6bb4ebbbeb4f593f23dc) Importer(815301076,1909f56bfc062723c751e8b465ee728b)
Number of updated assets reloaded before import = 0
Start importing Assets/Materials/CannonBall.mat using Guid(63359b3f675a6bb4ebbbeb4f593f23dc) Importer(815301076,1909f56bfc062723c751e8b465ee728b)  -> (artifact id: '97f5cc8d01c3d09d25a81523a15f9e68') in 0.012661 seconds 
Number of asset objects unloaded after import = 1
========================================================================
Received Import Request.
  Time since last request: 0.000025 seconds.
  path: Assets/Materials/PreviewTower_1.mat
  artifactKey: Guid(7dc0e198f4c71484e840bed7747de559) Importer(815301076,1909f56bfc062723c751e8b465ee728b)
Number of updated assets reloaded before import = 0
Start importing Assets/Materials/PreviewTower_1.mat using Guid(7dc0e198f4c71484e840bed7747de559) Importer(815301076,1909f56bfc062723c751e8b465ee728b)  -> (artifact id: '530e91ed95475e3714b86e50235dc919') in 0.013132 seconds 
Number of asset objects unloaded after import = 1
========================================================================
Received Import Request.
  Time since last request: 40.821881 seconds.
  path: Assets/Waves/Wave3.asset
  artifactKey: Guid(b15fcc7c63d34ce45b21935b3b88bdf3) Importer(815301076,1909f56bfc062723c751e8b465ee728b)
Number of updated assets reloaded before import = 0
Start importing Assets/Waves/Wave3.asset using Guid(b15fcc7c63d34ce45b21935b3b88bdf3) Importer(815301076,1909f56bfc062723c751e8b465ee728b)  -> (artifact id: 'c4f4c51bbe469a16d966db0887870035') in 0.007715 seconds 
Number of asset objects unloaded after import = 33
========================================================================
Received Import Request.
  Time since last request: 0.000023 seconds.
  path: Assets/Waves/Wave5.asset
  artifactKey: Guid(1e134f4bdfc8ca1429435a7841c0c7d2) Importer(815301076,1909f56bfc062723c751e8b465ee728b)
Number of updated assets reloaded before import = 0
Start importing Assets/Waves/Wave5.asset using Guid(1e134f4bdfc8ca1429435a7841c0c7d2) Importer(815301076,1909f56bfc062723c751e8b465ee728b)  -> (artifact id: '77e65a49fc2953e4f508968eb617827c') in 0.004322 seconds 
Number of asset objects unloaded after import = 33
========================================================================
Received Import Request.
  Time since last request: 13.210107 seconds.
  path: Assets/Towers/CannonTower.asset
  artifactKey: Guid(0eae84715cb33934f9c10cfc8e16b382) Importer(815301076,1909f56bfc062723c751e8b465ee728b)
Number of updated assets reloaded before import = 0
Start importing Assets/Towers/CannonTower.asset using Guid(0eae84715cb33934f9c10cfc8e16b382) Importer(815301076,1909f56bfc062723c751e8b465ee728b)  -> (artifact id: '5d360cc222110541fe10052672351983') in 0.005102 seconds 
Number of asset objects unloaded after import = 45
========================================================================
Received Import Request.
  Time since last request: 2.555057 seconds.
  path: Assets/Scenes/Level3.unity
  artifactKey: Guid(3786606a1e8ba26458c82dc7bfb209fd) Importer(815301076,1909f56bfc062723c751e8b465ee728b)
Number of updated assets reloaded before import = 0
Start importing Assets/Scenes/Level3.unity using Guid(3786606a1e8ba26458c82dc7bfb209fd) Importer(815301076,1909f56bfc062723c751e8b465ee728b)  -> (artifact id: '546dcfcdfd955aa1f02e83f954f69032') in 0.007514 seconds 
Number of asset objects unloaded after import = 0
========================================================================
Received Import Request.
  Time since last request: 43.489763 seconds.
  path: Assets/Scenes/Level4.unity
  artifactKey: Guid(3ec0ba7b207cd0a458baddcae33a7baf) Importer(815301076,1909f56bfc062723c751e8b465ee728b)
Number of updated assets reloaded before import = 0
Start importing Assets/Scenes/Level4.unity using Guid(3ec0ba7b207cd0a458baddcae33a7baf) Importer(815301076,1909f56bfc062723c751e8b465ee728b)  -> (artifact id: '0494a8e2a3053d442d7d47e6c4113470') in 0.007517 seconds 
Number of asset objects unloaded after import = 0
========================================================================
Received Import Request.
  Time since last request: 34.330992 seconds.
  path: Assets/Scenes/Level5.unity
  artifactKey: Guid(e09122d6071547f48a3f89dcf3f088f9) Importer(815301076,1909f56bfc062723c751e8b465ee728b)
Number of updated assets reloaded before import = 0
Start importing Assets/Scenes/Level5.unity using Guid(e09122d6071547f48a3f89dcf3f088f9) Importer(815301076,1909f56bfc062723c751e8b465ee728b)  -> (artifact id: '032839be50cb7c7a6dd367e905dbb3fd') in 0.007320 seconds 
Number of asset objects unloaded after import = 0
